2019-07-30 16:20:25.712  INFO 5312 --- [main] com.glodon.GisApplication                : Starting GisApplication on DESKTOP-4645ELA with PID 5312 (D:\code\java\gis_demo\target\classes started by EDZ in D:\code\java\gis_demo)
2019-07-30 16:20:25.717  INFO 5312 --- [main] com.glodon.GisApplication                : No active profile set, falling back to default profiles: default
2019-07-30 16:20:27.195  INFO 5312 --- [main] o.s.b.w.embedded.tomcat.TomcatWebServer  : Tomcat initialized with port(s): 10000 (http)
2019-07-30 16:20:27.228  INFO 5312 --- [main] o.apache.catalina.core.StandardService   : Starting service [Tomcat]
2019-07-30 16:20:27.230  INFO 5312 --- [main] org.apache.catalina.core.StandardEngine  : Starting Servlet engine: [Apache Tomcat/9.0.21]
2019-07-30 16:20:27.781  INFO 5312 --- [main] o.a.c.c.C.[Tomcat].[localhost].[/]       : Initializing Spring embedded WebApplicationContext
2019-07-30 16:20:27.781  INFO 5312 --- [main] o.s.web.context.ContextLoader            : Root WebApplicationContext: initialization completed in 1977 ms
2019-07-30 16:20:28.307  INFO 5312 --- [main] o.s.s.concurrent.ThreadPoolTaskExecutor  : Initializing ExecutorService 'applicationTaskExecutor'
2019-07-30 16:20:28.386  INFO 5312 --- [main] o.s.b.a.w.s.WelcomePageHandlerMapping    : Adding welcome page template: index
2019-07-30 16:20:28.649  INFO 5312 --- [main] o.s.b.w.embedded.tomcat.TomcatWebServer  : Tomcat started on port(s): 10000 (http) with context path ''
2019-07-30 16:20:28.650  INFO 5312 --- [main] com.glodon.GisApplication                : Started GisApplication in 3.389 seconds (JVM running for 4.829)
2019-07-30 16:20:33.188  INFO 5312 --- [http-nio-10000-exec-1] o.a.c.c.C.[Tomcat].[localhost].[/]       : Initializing Spring DispatcherServlet 'dispatcherServlet'
2019-07-30 16:20:33.188  INFO 5312 --- [http-nio-10000-exec-1] o.s.web.servlet.DispatcherServlet        : Initializing Servlet 'dispatcherServlet'
2019-07-30 16:20:33.193  INFO 5312 --- [http-nio-10000-exec-1] o.s.web.servlet.DispatcherServlet        : Completed initialization in 4 ms
2019-07-30 16:20:33.208  INFO 5312 --- [http-nio-10000-exec-1] com.glodon.Bean.MyInterceptor            : /inquiry/paomap
2019-07-30 16:20:33.357  INFO 5312 --- [http-nio-10000-exec-1] com.glodon.Bean.MyInterceptor            : /inquiry/paomap
2019-07-30 16:20:37.704  INFO 5312 --- [http-nio-10000-exec-1] com.glodon.Bean.MyInterceptor            : /inquiry/paomap
2019-07-30 16:20:37.705  INFO 5312 --- [http-nio-10000-exec-1] com.glodon.Bean.MyInterceptor            : /inquiry/paomap
2019-07-30 16:20:39.871  INFO 5312 --- [http-nio-10000-exec-5] com.glodon.Bean.MyInterceptor            : /error
2019-07-30 16:20:39.936  INFO 5312 --- [http-nio-10000-exec-5] com.glodon.Bean.MyInterceptor            : /error
2019-07-30 16:20:56.929  INFO 5312 --- [http-nio-10000-exec-7] com.glodon.Bean.MyInterceptor            : /inquiry/paomap
2019-07-30 16:20:56.931  INFO 5312 --- [http-nio-10000-exec-7] com.glodon.Bean.MyInterceptor            : /inquiry/paomap
2019-07-30 16:20:57.244  INFO 5312 --- [http-nio-10000-exec-6] com.glodon.Bean.MyInterceptor            : /error
2019-07-30 16:20:57.245  INFO 5312 --- [http-nio-10000-exec-6] com.glodon.Bean.MyInterceptor            : /error
